app/build/intermediates/manifest_merge_blame_file/debug/manifest-merger-blame-debug-report.txt
1<?xml version="1.0" encoding="utf-8"?>
2<manifest xmlns:android="http://schemas.android.com/apk/res/android"
3    package="com.example.TCSS450GROUP1"
4    android:versionCode="1"
5    android:versionName="1.0" >
6
7    <uses-sdk
8        android:minSdkVersion="24"
8-->src\main\AndroidManifest.xml
9        android:targetSdkVersion="29" />
9-->src\main\AndroidManifest.xml
10
11    <!--
12         The ACCESS_COARSE/FINE_LOCATION permissions are not required to use
13         Google Maps Android API v2, but you must specify either coarse or fine
14         location permissions for the 'MyLocation' functionality.
15    -->
16    <uses-permission android:name="android.permission.ACCESS_FINE_LOCATION" />
16-->src\main\AndroidManifest.xml:10:5-79
16-->src\main\AndroidManifest.xml:10:22-76
17    <uses-permission android:name="android.permission.WAKE_LOCK" />
17-->src\main\AndroidManifest.xml:11:5-68
17-->src\main\AndroidManifest.xml:11:22-65
18    <uses-permission android:name="android.permission.ACCESS_NETWORK_STATE" />
18-->src\main\AndroidManifest.xml:12:5-79
18-->src\main\AndroidManifest.xml:12:22-76
19    <uses-permission android:name="android.permission.RECEIVE_BOOT_COMPLETED" />
19-->src\main\AndroidManifest.xml:13:5-81
19-->src\main\AndroidManifest.xml:13:22-78
20    <uses-permission android:name="android.permission.WRITE_EXTERNAL_STORAGE" />
20-->src\main\AndroidManifest.xml:14:5-81
20-->src\main\AndroidManifest.xml:14:22-78
21    <uses-permission android:name="android.permission.ACCESS_COARSE_LOCATION" />
21-->src\main\AndroidManifest.xml:15:5-81
21-->src\main\AndroidManifest.xml:15:22-78
22    <uses-permission android:name="android.permission.INTERNET" />
22-->src\main\AndroidManifest.xml:16:5-67
22-->src\main\AndroidManifest.xml:16:22-64
23
24    <uses-feature
24-->[com.google.android.gms:play-services-maps:17.0.0] AndroidManifest.xml:26:5-28:35
25        android:glEsVersion="0x00020000"
25-->[com.google.android.gms:play-services-maps:17.0.0] AndroidManifest.xml:27:9-41
26        android:required="true" />
26-->[com.google.android.gms:play-services-maps:17.0.0] AndroidManifest.xml:28:9-32
27
28    <application
28-->src\main\AndroidManifest.xml:17:5-88:19
29        android:allowBackup="true"
29-->src\main\AndroidManifest.xml:18:9-35
30        android:appComponentFactory="androidx.core.app.CoreComponentFactory"
30-->[androidx.core:core:1.1.0] AndroidManifest.xml:24:18-86
31        android:debuggable="true"
32        android:extractNativeLibs="false"
33        android:icon="@drawable/raccoonrain"
33-->src\main\AndroidManifest.xml:19:9-45
34        android:label="@string/app_name"
34-->src\main\AndroidManifest.xml:20:9-41
35        android:roundIcon="@drawable/raccoonrain"
35-->src\main\AndroidManifest.xml:21:9-50
36        android:supportsRtl="true"
36-->src\main\AndroidManifest.xml:23:9-35
37        android:testOnly="true"
38        android:theme="@style/AppTheme"
38-->src\main\AndroidManifest.xml:24:9-40
39        android:usesCleartextTraffic="true" >
39-->src\main\AndroidManifest.xml:22:9-44
40
41        <!--
42             The API key for Google Maps-based APIs is defined as a string resource.
43             (See the file "res/values/google_maps_api.xml").
44             Note that the API key is linked to the encryption key used to sign the APK.
45             You need a different API key for each encryption key, including the release key that is used to
46             sign the APK for publishing.
47             You can define the keys for the debug and release targets in src/debug/ and src/release/.
48        -->
49        <meta-data
49-->src\main\AndroidManifest.xml:34:9-36:55
50            android:name="com.google.android.geo.API_KEY"
50-->src\main\AndroidManifest.xml:35:13-58
51            android:value="@string/google_maps_key" />
51-->src\main\AndroidManifest.xml:36:13-52
52
53        <activity
53-->src\main\AndroidManifest.xml:38:9-40:68
54            android:name="com.example.TCSS450GROUP1.MapsActivity"
54-->src\main\AndroidManifest.xml:39:13-41
55            android:label="@string/title_activity_maps" />
55-->src\main\AndroidManifest.xml:40:13-56
56        <activity
56-->src\main\AndroidManifest.xml:41:9-43:59
57            android:name="com.example.TCSS450GROUP1.ui.MapsActivity"
57-->src\main\AndroidManifest.xml:42:13-44
58            android:label="@string/title_activity_maps" />
58-->src\main\AndroidManifest.xml:43:13-56
59        <activity android:name="com.example.TCSS450GROUP1.ui.AccountActivity" />
59-->src\main\AndroidManifest.xml:44:9-56
59-->src\main\AndroidManifest.xml:44:19-53
60        <activity
60-->src\main\AndroidManifest.xml:45:9-46:57
61            android:name="com.example.TCSS450GROUP1.ui.MainActivity"
61-->src\main\AndroidManifest.xml:45:19-50
62            android:windowSoftInputMode="adjustNothing" />
62-->src\main\AndroidManifest.xml:46:12-55
63        <activity android:name="com.example.TCSS450GROUP1.ui.AuthenticationActivity" >
63-->src\main\AndroidManifest.xml:47:9-53:20
63-->src\main\AndroidManifest.xml:47:19-60
64            <intent-filter>
64-->src\main\AndroidManifest.xml:48:13-52:29
65                <action android:name="android.intent.action.MAIN" />
65-->src\main\AndroidManifest.xml:49:17-69
65-->src\main\AndroidManifest.xml:49:25-66
66
67                <category android:name="android.intent.category.LAUNCHER" />
67-->src\main\AndroidManifest.xml:51:17-77
67-->src\main\AndroidManifest.xml:51:27-74
68            </intent-filter>
69        </activity> <!-- Pushy Declarations -->
70        <!-- Pushy Notification Receiver -->
71        <!-- Incoming push notifications will invoke the following BroadcastReceiver -->
72        <receiver
72-->src\main\AndroidManifest.xml:56:9-64:20
73            android:name="com.example.TCSS450GROUP1.ui.chat.PushReceiver"
73-->src\main\AndroidManifest.xml:57:13-49
74            android:exported="false" >
74-->src\main\AndroidManifest.xml:58:13-37
75            <intent-filter>
75-->src\main\AndroidManifest.xml:59:13-63:29
76
77                <!-- Do not modify this -->
78                <action android:name="pushy.me" />
78-->src\main\AndroidManifest.xml:62:17-51
78-->src\main\AndroidManifest.xml:62:25-48
79            </intent-filter>
80        </receiver> <!-- Pushy Update Receiver -->
81        <!-- Do not modify - internal BroadcastReceiver that restarts the listener service -->
82        <receiver
82-->src\main\AndroidManifest.xml:66:9-72:20
83            android:name="me.pushy.sdk.receivers.PushyUpdateReceiver"
83-->src\main\AndroidManifest.xml:67:13-70
84            android:exported="false" >
84-->src\main\AndroidManifest.xml:68:13-37
85            <intent-filter>
85-->src\main\AndroidManifest.xml:69:13-71:29
86                <action android:name="android.intent.action.MY_PACKAGE_REPLACED" />
86-->src\main\AndroidManifest.xml:70:17-84
86-->src\main\AndroidManifest.xml:70:25-81
87            </intent-filter>
88        </receiver> <!-- Pushy Boot Receiver -->
89        <!-- Do not modify - internal BroadcastReceiver that restarts the listener service -->
90        <receiver
90-->src\main\AndroidManifest.xml:74:9-80:20
91            android:name="me.pushy.sdk.receivers.PushyBootReceiver"
91-->src\main\AndroidManifest.xml:75:13-68
92            android:exported="false" >
92-->src\main\AndroidManifest.xml:76:13-37
93            <intent-filter>
93-->src\main\AndroidManifest.xml:77:13-79:29
94                <action android:name="android.intent.action.BOOT_COMPLETED" />
94-->src\main\AndroidManifest.xml:78:17-79
94-->src\main\AndroidManifest.xml:78:25-76
95            </intent-filter>
96        </receiver> <!-- Pushy Socket Service -->
97        <!-- Do not modify - internal service -->
98        <service android:name="me.pushy.sdk.services.PushySocketService" /> <!-- Pushy Job Service (added in Pushy SDK 1.0.35) -->
98-->src\main\AndroidManifest.xml:82:9-76
98-->src\main\AndroidManifest.xml:82:18-73
99        <!-- Do not modify - internal service -->
100        <service
100-->src\main\AndroidManifest.xml:84:9-87:72
101            android:name="me.pushy.sdk.services.PushyJobService"
101-->src\main\AndroidManifest.xml:85:13-65
102            android:exported="true"
102-->src\main\AndroidManifest.xml:86:13-36
103            android:permission="android.permission.BIND_JOB_SERVICE" />
103-->src\main\AndroidManifest.xml:87:13-69
104        <!-- Needs to be explicitly declared on P+ -->
105        <uses-library
105-->[com.google.android.gms:play-services-maps:17.0.0] AndroidManifest.xml:33:9-35:40
106            android:name="org.apache.http.legacy"
106-->[com.google.android.gms:play-services-maps:17.0.0] AndroidManifest.xml:34:13-50
107            android:required="false" />
107-->[com.google.android.gms:play-services-maps:17.0.0] AndroidManifest.xml:35:13-37
108
109        <activity
109-->[com.google.android.gms:play-services-base:17.0.0] AndroidManifest.xml:23:9-26:75
110            android:name="com.google.android.gms.common.api.GoogleApiActivity"
110-->[com.google.android.gms:play-services-base:17.0.0] AndroidManifest.xml:24:13-79
111            android:exported="false"
111-->[com.google.android.gms:play-services-base:17.0.0] AndroidManifest.xml:25:13-37
112            android:theme="@android:style/Theme.Translucent.NoTitleBar" />
112-->[com.google.android.gms:play-services-base:17.0.0] AndroidManifest.xml:26:13-72
113
114        <meta-data
114-->[com.google.android.gms:play-services-basement:17.0.0] AndroidManifest.xml:23:9-25:69
115            android:name="com.google.android.gms.version"
115-->[com.google.android.gms:play-services-basement:17.0.0] AndroidManifest.xml:24:13-58
116            android:value="@integer/google_play_services_version" />
116-->[com.google.android.gms:play-services-basement:17.0.0] AndroidManifest.xml:25:13-66
117    </application>
118
119</manifest>